<?xml version="1.0" encoding="UTF-8"?>
<!-- Generated by org.testng.reporters.JUnitReportReporter -->
<testsuite hostname="Akash-WorkStation" failures="0" tests="1" name="test_methods.SearchOperation_Test" time="4.984" errors="0" timestamp="2022-03-10T10:23:51 IST" skipped="0">
  <testcase classname="test_methods.SearchOperation_Test" name="searchOperation" time="4.984"/>
  <system-out/>
</testsuite> <!-- test_methods.SearchOperation_Test -->
