<?xml version="1.0" encoding="UTF-8"?>
<!-- Generated by org.testng.reporters.JUnitReportReporter -->
<testsuite hostname="Akash-WorkStation" failures="0" tests="1" name="test_methods.Facebook_Test" time="0.255" errors="0" timestamp="2022-03-10T15:54:25 IST" skipped="0">
  <testcase classname="test_methods.Facebook_Test" name="attemptFBLogin" time="0.255"/>
  <system-out/>
</testsuite> <!-- test_methods.Facebook_Test -->
