<?xml version="1.0" encoding="UTF-8"?>
<!-- Generated by org.testng.reporters.JUnitReportReporter -->
<testsuite hostname="Akash-WorkStation" failures="0" tests="1" name="test_methods.SearchOperation_Test" time="6.264" errors="0" timestamp="2022-03-10T15:54:25 IST" skipped="0">
  <testcase classname="test_methods.SearchOperation_Test" name="searchOperation" time="6.264"/>
  <system-out/>
</testsuite> <!-- test_methods.SearchOperation_Test -->
